  ADDR B1 B2 B3 B4 thrass11.tmp                                     PAGE       1

                           org $8000

  8000 59                  rolb
  8001 79 00 00            rol $00
  8004 49                  rola
  8005 79 00 00            rol $00

  8008 59                  rolb
  8009 79 00 00            rol $00
  800C 49                  rola
  800D 79 00 00            rol $00

  8010 59                  rolb
  8011 79 00 00            rol $00
  8014 49                  rola
  8015 79 00 00            rol $00

  8018 59                  rolb
  8019 79 00 00            rol $00
  801C 49                  rola
  801D 79 00 00            rol $00

                   ; 8

  8020 59                  rolb
  8021 79 00 01            rol $01
  8024 49                  rola
  8025 79 00 01            rol $01

  8028 59                  rolb
  8029 79 00 01            rol $01
  802C 49                  rola
  802D 79 00 01            rol $01

  8030 59                  rolb
  8031 79 00 01            rol $01
  8034 49                  rola
  8035 79 00 01            rol $01

  8038 59                  rolb
  8039 79 00 01            rol $01
  803C 49                  rola
  803D 79 00 01            rol $01

  8040 DE 00               ldx $00
